{"C:\\Users\\0210g\\Documents\\Certificado de Fullstack Developer (Tecmilenio) - Giselle Cantú Chávez\\Programación con Java Script II (Certificado)\\forkify-app\\src\\js\\config.js": {"path":"C:\\Users\\0210g\\Documents\\Certificado de Fullstack Developer (Tecmilenio) - Giselle Cantú Chávez\\Programación con Java Script II (Certificado)\\forkify-app\\src\\js\\config.js","statementMap":{"0":{"start":{"line":1,"column":23},"end":{"line":1,"column":74}},"1":{"start":{"line":2,"column":27},"end":{"line":2,"column":29}},"2":{"start":{"line":3,"column":28},"end":{"line":3,"column":30}},"3":{"start":{"line":4,"column":19},"end":{"line":4,"column":57}},"4":{"start":{"line":5,"column":31},"end":{"line":5,"column":34}}},"fnMap":{},"branchMap":{},"s":{"0":1,"1":1,"2":1,"3":1,"4":1},"f":{},"b":{},"_coverageSchema":"1a1c01bbd47fc00a2c39e90264f33305004495a9","hash":"37545e61f1e7e120c0a8feeb5a45fffebea3130d"}
,"C:\\Users\\0210g\\Documents\\Certificado de Fullstack Developer (Tecmilenio) - Giselle Cantú Chávez\\Programación con Java Script II (Certificado)\\forkify-app\\src\\js\\model.js": {"path":"C:\\Users\\0210g\\Documents\\Certificado de Fullstack Developer (Tecmilenio) - Giselle Cantú Chávez\\Programación con Java Script II (Certificado)\\forkify-app\\src\\js\\model.js","statementMap":{"0":{"start":{"line":3,"column":21},"end":{"line":12,"column":1}},"1":{"start":{"line":14,"column":26},"end":{"line":30,"column":1}},"2":{"start":{"line":15,"column":14},"end":{"line":15,"column":44}},"3":{"start":{"line":16,"column":15},"end":{"line":16,"column":31}},"4":{"start":{"line":18,"column":17},"end":{"line":18,"column":33}},"5":{"start":{"line":20,"column":2},"end":{"line":29,"column":4}},"6":{"start":{"line":32,"column":33},"end":{"line":46,"column":1}},"7":{"start":{"line":33,"column":2},"end":{"line":33,"column":29}},"8":{"start":{"line":35,"column":14},"end":{"line":35,"column":55}},"9":{"start":{"line":36,"column":15},"end":{"line":36,"column":31}},"10":{"start":{"line":38,"column":2},"end":{"line":43,"column":6}},"11":{"start":{"line":38,"column":55},"end":{"line":43,"column":3}},"12":{"start":{"line":45,"column":2},"end":{"line":45,"column":24}},"13":{"start":{"line":48,"column":36},"end":{"line":55,"column":1}},"14":{"start":{"line":49,"column":2},"end":{"line":49,"column":27}},"15":{"start":{"line":51,"column":16},"end":{"line":51,"column":56}},"16":{"start":{"line":52,"column":14},"end":{"line":52,"column":48}},"17":{"start":{"line":54,"column":2},"end":{"line":54,"column":48}}},"fnMap":{"0":{"name":"(anonymous_0)","decl":{"start":{"line":14,"column":26},"end":{"line":14,"column":27}},"loc":{"start":{"line":14,"column":46},"end":{"line":30,"column":1}},"line":14},"1":{"name":"(anonymous_1)","decl":{"start":{"line":32,"column":33},"end":{"line":32,"column":34}},"loc":{"start":{"line":32,"column":56},"end":{"line":46,"column":1}},"line":32},"2":{"name":"(anonymous_2)","decl":{"start":{"line":38,"column":47},"end":{"line":38,"column":48}},"loc":{"start":{"line":38,"column":55},"end":{"line":43,"column":3}},"line":38},"3":{"name":"(anonymous_3)","decl":{"start":{"line":48,"column":36},"end":{"line":48,"column":37}},"loc":{"start":{"line":48,"column":72},"end":{"line":55,"column":1}},"line":48}},"branchMap":{"0":{"loc":{"start":{"line":48,"column":46},"end":{"line":48,"column":70}},"type":"default-arg","locations":[{"start":{"line":48,"column":53},"end":{"line":48,"column":70}}],"line":48}},"s":{"0":1,"1":1,"2":0,"3":0,"4":0,"5":0,"6":1,"7":0,"8":0,"9":0,"10":0,"11":0,"12":0,"13":1,"14":3,"15":3,"16":3,"17":3},"f":{"0":0,"1":0,"2":0,"3":3},"b":{"0":[0]},"_coverageSchema":"1a1c01bbd47fc00a2c39e90264f33305004495a9","hash":"93b467522bacd2f21a7c85ba90eda0c85124677f"}
}
